Base path: C:/Program Files/Unity/Hub/Editor/2018.3.8f1/Editor/Data
Cmd: initializeCompiler
Cmd: initializeCompiler
Cmd: initializeCompiler
Cmd: initializeCompiler
Cmd: initializeCompiler
Cmd: initializeCompiler
<<<<<<< HEAD
<<<<<<< HEAD
<<<<<<< HEAD
<<<<<<< HEAD
=======
=======
>>>>>>> parent of 9be1916... move bubble
=======
>>>>>>> parent of 9be1916... move bubble
=======
>>>>>>> parent of 9be1916... move bubble
Cmd: initializeCompiler
Cmd: initializeCompiler
Cmd: initializeCompiler
Cmd: initializeCompiler
Cmd: initializeCompiler
Cmd: initializeCompiler
Cmd: initializeCompiler
<<<<<<< HEAD
<<<<<<< HEAD
<<<<<<< HEAD
<<<<<<< HEAD
<<<<<<< HEAD
<<<<<<< HEAD
<<<<<<< HEAD
>>>>>>> parent of d2c6f75... 大框架
=======
>>>>>>> parent of d2c6f75... 大框架
=======
=======
>>>>>>> parent of 9be1916... move bubble
=======
>>>>>>> parent of 9be1916... move bubble
Cmd: initializeCompiler
Cmd: initializeCompiler
Cmd: initializeCompiler
Cmd: initializeCompiler
Cmd: initializeCompiler
Cmd: initializeCompiler
Cmd: initializeCompiler
Cmd: initializeCompiler
Cmd: initializeCompiler
Cmd: initializeCompiler
Cmd: initializeCompiler
Cmd: initializeCompiler
Cmd: initializeCompiler
<<<<<<< HEAD
<<<<<<< HEAD
>>>>>>> parent of 9be1916... move bubble
=======
>>>>>>> parent of d2c6f75... 大框架
=======
>>>>>>> parent of 9be1916... move bubble
=======
>>>>>>> parent of d2c6f75... 大框架
=======
>>>>>>> parent of d2c6f75... 大框架
=======
>>>>>>> parent of 9be1916... move bubble
